{"/home/m03geek/dev/os/fastify-metrics/src/fastify-metrics.ts": {"path":"/home/m03geek/dev/os/fastify-metrics/src/fastify-metrics.ts","statementMap":{"0":{"start":{"line":44,"column":31},"end":{"line":44,"column":54}},"1":{"start":{"line":34,"column":19},"end":{"line":37,"column":6}},"2":{"start":{"line":38,"column":19},"end":{"line":38,"column":55}},"3":{"start":{"line":39,"column":19},"end":{"line":39,"column":55}},"4":{"start":{"line":45,"column":4},"end":{"line":45,"column":35}},"5":{"start":{"line":46,"column":4},"end":{"line":46,"column":30}},"6":{"start":{"line":47,"column":4},"end":{"line":47,"column":29}},"7":{"start":{"line":49,"column":4},"end":{"line":49,"column":13}},"8":{"start":{"line":50,"column":4},"end":{"line":50,"column":33}},"9":{"start":{"line":51,"column":4},"end":{"line":51,"column":31}},"10":{"start":{"line":52,"column":4},"end":{"line":52,"column":25}},"11":{"start":{"line":31,"column":4},"end":{"line":31,"column":42}},"12":{"start":{"line":57,"column":4},"end":{"line":59,"column":null}},"13":{"start":{"line":58,"column":6},"end":{"line":58,"column":13}},"14":{"start":{"line":61,"column":4},"end":{"line":70,"column":51}},"15":{"start":{"line":69,"column":18},"end":{"line":69,"column":33}},"16":{"start":{"line":70,"column":22},"end":{"line":70,"column":49}},"17":{"start":{"line":75,"column":4},"end":{"line":80,"column":null}},"18":{"start":{"line":79,"column":6},"end":{"line":79,"column":13}},"19":{"start":{"line":82,"column":4},"end":{"line":108,"column":7}},"20":{"start":{"line":90,"column":6},"end":{"line":96,"column":null}},"21":{"start":{"line":95,"column":8},"end":{"line":95,"column":15}},"22":{"start":{"line":98,"column":6},"end":{"line":107,"column":9}},"23":{"start":{"line":99,"column":8},"end":{"line":106,"column":null}},"24":{"start":{"line":100,"column":10},"end":{"line":105,"column":12}},"25":{"start":{"line":132,"column":31},"end":{"line":132,"column":48}},"26":{"start":{"line":134,"column":4},"end":{"line":138,"column":34}},"27":{"start":{"line":147,"column":29},"end":{"line":147,"column":46}},"28":{"start":{"line":148,"column":4},"end":{"line":150,"column":null}},"29":{"start":{"line":149,"column":6},"end":{"line":149,"column":16}},"30":{"start":{"line":151,"column":4},"end":{"line":154,"column":6}},"31":{"start":{"line":159,"column":25},"end":{"line":159,"column":42}},"32":{"start":{"line":160,"column":4},"end":{"line":162,"column":null}},"33":{"start":{"line":161,"column":6},"end":{"line":161,"column":13}},"34":{"start":{"line":164,"column":27},"end":{"line":164,"column":52}},"35":{"start":{"line":165,"column":30},"end":{"line":165,"column":70}},"36":{"start":{"line":166,"column":28},"end":{"line":166,"column":66}},"37":{"start":{"line":168,"column":19},"end":{"line":172,"column":6}},"38":{"start":{"line":174,"column":4},"end":{"line":183,"column":7}},"39":{"start":{"line":180,"column":21},"end":{"line":180,"column":43}},"40":{"start":{"line":181,"column":8},"end":{"line":181,"column":51}},"41":{"start":{"line":188,"column":4},"end":{"line":190,"column":null}},"42":{"start":{"line":189,"column":6},"end":{"line":189,"column":13}},"43":{"start":{"line":191,"column":4},"end":{"line":193,"column":7}},"44":{"start":{"line":198,"column":4},"end":{"line":200,"column":null}},"45":{"start":{"line":199,"column":6},"end":{"line":199,"column":13}},"46":{"start":{"line":202,"column":23},"end":{"line":210,"column":6}},"47":{"start":{"line":212,"column":22},"end":{"line":225,"column":6}},"48":{"start":{"line":226,"column":21},"end":{"line":239,"column":6}},"49":{"start":{"line":241,"column":4},"end":{"line":309,"column":9}},"50":{"start":{"line":243,"column":8},"end":{"line":249,"column":null}},"51":{"start":{"line":247,"column":10},"end":{"line":247,"column":17}},"52":{"start":{"line":248,"column":10},"end":{"line":248,"column":17}},"53":{"start":{"line":251,"column":8},"end":{"line":263,"column":null}},"54":{"start":{"line":252,"column":10},"end":{"line":259,"column":null}},"55":{"start":{"line":255,"column":12},"end":{"line":258,"column":15}},"56":{"start":{"line":261,"column":10},"end":{"line":261,"column":17}},"57":{"start":{"line":262,"column":10},"end":{"line":262,"column":17}},"58":{"start":{"line":265,"column":8},"end":{"line":277,"column":null}},"59":{"start":{"line":273,"column":10},"end":{"line":276,"column":13}},"60":{"start":{"line":279,"column":8},"end":{"line":279,"column":15}},"61":{"start":{"line":280,"column":8},"end":{"line":280,"column":15}},"62":{"start":{"line":283,"column":24},"end":{"line":283,"column":55}},"63":{"start":{"line":284,"column":8},"end":{"line":287,"column":null}},"64":{"start":{"line":285,"column":10},"end":{"line":285,"column":17}},"65":{"start":{"line":286,"column":10},"end":{"line":286,"column":17}},"66":{"start":{"line":290,"column":10},"end":{"line":292,"column":30}},"67":{"start":{"line":294,"column":10},"end":{"line":297,"column":23}},"68":{"start":{"line":298,"column":23},"end":{"line":298,"column":61}},"69":{"start":{"line":300,"column":23},"end":{"line":304,"column":10}},"70":{"start":{"line":305,"column":8},"end":{"line":305,"column":28}},"71":{"start":{"line":306,"column":8},"end":{"line":306,"column":29}},"72":{"start":{"line":308,"column":8},"end":{"line":308,"column":15}},"73":{"start":{"line":29,"column":0},"end":{"line":29,"column":13}}},"fnMap":{"0":{"name":"(anonymous_0)","decl":{"start":{"line":44,"column":2},"end":{"line":44,"column":31}},"loc":{"start":{"line":44,"column":54},"end":{"line":53,"column":3}}},"1":{"name":"(anonymous_1)","decl":{"start":{"line":30,"column":10},"end":{"line":30,"column":16}},"loc":{"start":{"line":30,"column":67},"end":{"line":32,"column":3}}},"2":{"name":"(anonymous_2)","decl":{"start":{"line":56,"column":10},"end":{"line":56,"column":28}},"loc":{"start":{"line":56,"column":28},"end":{"line":71,"column":3}}},"3":{"name":"(anonymous_3)","decl":{"start":{"line":69,"column":11},"end":{"line":69,"column":12}},"loc":{"start":{"line":69,"column":18},"end":{"line":69,"column":33}}},"4":{"name":"(anonymous_4)","decl":{"start":{"line":70,"column":15},"end":{"line":70,"column":16}},"loc":{"start":{"line":70,"column":22},"end":{"line":70,"column":49}}},"5":{"name":"(anonymous_5)","decl":{"start":{"line":74,"column":10},"end":{"line":74,"column":27}},"loc":{"start":{"line":74,"column":27},"end":{"line":109,"column":3}}},"6":{"name":"(anonymous_6)","decl":{"start":{"line":82,"column":41},"end":{"line":82,"column":42}},"loc":{"start":{"line":82,"column":58},"end":{"line":108,"column":5}}},"7":{"name":"(anonymous_7)","decl":{"start":{"line":98,"column":43},"end":{"line":98,"column":44}},"loc":{"start":{"line":98,"column":54},"end":{"line":107,"column":7}}},"8":{"name":"(anonymous_8)","decl":{"start":{"line":131,"column":10},"end":{"line":131,"column":43}},"loc":{"start":{"line":131,"column":43},"end":{"line":139,"column":3}}},"9":{"name":"(anonymous_9)","decl":{"start":{"line":146,"column":10},"end":{"line":146,"column":41}},"loc":{"start":{"line":146,"column":41},"end":{"line":155,"column":3}}},"10":{"name":"(anonymous_10)","decl":{"start":{"line":158,"column":10},"end":{"line":158,"column":23}},"loc":{"start":{"line":158,"column":23},"end":{"line":184,"column":3}}},"11":{"name":"(anonymous_11)","decl":{"start":{"line":179,"column":15},"end":{"line":179,"column":20}},"loc":{"start":{"line":179,"column":34},"end":{"line":182,"column":7}}},"12":{"name":"(anonymous_12)","decl":{"start":{"line":187,"column":10},"end":{"line":187,"column":31}},"loc":{"start":{"line":187,"column":31},"end":{"line":194,"column":3}}},"13":{"name":"(anonymous_13)","decl":{"start":{"line":197,"column":10},"end":{"line":197,"column":29}},"loc":{"start":{"line":197,"column":29},"end":{"line":310,"column":3}}},"14":{"name":"(anonymous_14)","decl":{"start":{"line":242,"column":28},"end":{"line":242,"column":29}},"loc":{"start":{"line":242,"column":49},"end":{"line":281,"column":7}}},"15":{"name":"(anonymous_15)","decl":{"start":{"line":282,"column":29},"end":{"line":282,"column":30}},"loc":{"start":{"line":282,"column":54},"end":{"line":309,"column":7}}}},"branchMap":{"0":{"loc":{"start":{"line":57,"column":4},"end":{"line":59,"column":null}},"type":"if","locations":[{"start":{"line":57,"column":4},"end":{"line":59,"column":null}}]},"1":{"loc":{"start":{"line":62,"column":6},"end":{"line":67,"column":null}},"type":"binary-expr","locations":[{"start":{"line":62,"column":6},"end":{"line":62,"column":53}},{"start":{"line":62,"column":57},"end":{"line":67,"column":null}}]},"2":{"loc":{"start":{"line":75,"column":4},"end":{"line":80,"column":null}},"type":"if","locations":[{"start":{"line":75,"column":4},"end":{"line":80,"column":null}}]},"3":{"loc":{"start":{"line":76,"column":6},"end":{"line":77,"column":68}},"type":"binary-expr","locations":[{"start":{"line":76,"column":6},"end":{"line":76,"column":55}},{"start":{"line":77,"column":6},"end":{"line":77,"column":68}}]},"4":{"loc":{"start":{"line":90,"column":6},"end":{"line":96,"column":null}},"type":"if","locations":[{"start":{"line":90,"column":6},"end":{"line":96,"column":null}}]},"5":{"loc":{"start":{"line":99,"column":8},"end":{"line":106,"column":null}},"type":"if","locations":[{"start":{"line":99,"column":8},"end":{"line":106,"column":null}}]},"6":{"loc":{"start":{"line":134,"column":11},"end":{"line":138,"column":33}},"type":"cond-expr","locations":[{"start":{"line":137,"column":8},"end":{"line":137,"column":10}},{"start":{"line":138,"column":8},"end":{"line":138,"column":33}}]},"7":{"loc":{"start":{"line":134,"column":11},"end":{"line":136,"column":60}},"type":"binary-expr","locations":[{"start":{"line":134,"column":11},"end":{"line":134,"column":44}},{"start":{"line":135,"column":6},"end":{"line":135,"column":44}},{"start":{"line":136,"column":6},"end":{"line":136,"column":60}}]},"8":{"loc":{"start":{"line":148,"column":4},"end":{"line":150,"column":null}},"type":"if","locations":[{"start":{"line":148,"column":4},"end":{"line":150,"column":null}}]},"9":{"loc":{"start":{"line":152,"column":10},"end":{"line":152,"column":61}},"type":"binary-expr","locations":[{"start":{"line":152,"column":10},"end":{"line":152,"column":55}},{"start":{"line":152,"column":59},"end":{"line":152,"column":61}}]},"10":{"loc":{"start":{"line":153,"column":10},"end":{"line":153,"column":59}},"type":"binary-expr","locations":[{"start":{"line":153,"column":10},"end":{"line":153,"column":53}},{"start":{"line":153,"column":57},"end":{"line":153,"column":59}}]},"11":{"loc":{"start":{"line":160,"column":4},"end":{"line":162,"column":null}},"type":"if","locations":[{"start":{"line":160,"column":4},"end":{"line":162,"column":null}}]},"12":{"loc":{"start":{"line":175,"column":11},"end":{"line":175,"column":33}},"type":"binary-expr","locations":[{"start":{"line":175,"column":11},"end":{"line":175,"column":19}},{"start":{"line":175,"column":23},"end":{"line":175,"column":33}}]},"13":{"loc":{"start":{"line":188,"column":4},"end":{"line":190,"column":null}},"type":"if","locations":[{"start":{"line":188,"column":4},"end":{"line":190,"column":null}}]},"14":{"loc":{"start":{"line":198,"column":4},"end":{"line":200,"column":null}},"type":"if","locations":[{"start":{"line":198,"column":4},"end":{"line":200,"column":null}}]},"15":{"loc":{"start":{"line":204,"column":8},"end":{"line":204,"column":77}},"type":"binary-expr","locations":[{"start":{"line":204,"column":8},"end":{"line":204,"column":65}},{"start":{"line":204,"column":69},"end":{"line":204,"column":77}}]},"16":{"loc":{"start":{"line":206,"column":8},"end":{"line":207,"column":21}},"type":"binary-expr","locations":[{"start":{"line":206,"column":8},"end":{"line":206,"column":65}},{"start":{"line":207,"column":8},"end":{"line":207,"column":21}}]},"17":{"loc":{"start":{"line":209,"column":8},"end":{"line":209,"column":75}},"type":"binary-expr","locations":[{"start":{"line":209,"column":8},"end":{"line":209,"column":64}},{"start":{"line":209,"column":68},"end":{"line":209,"column":75}}]},"18":{"loc":{"start":{"line":215,"column":8},"end":{"line":216,"column":39}},"type":"binary-expr","locations":[{"start":{"line":215,"column":8},"end":{"line":215,"column":66}},{"start":{"line":216,"column":8},"end":{"line":216,"column":39}}]},"19":{"loc":{"start":{"line":218,"column":8},"end":{"line":219,"column":37}},"type":"binary-expr","locations":[{"start":{"line":218,"column":8},"end":{"line":218,"column":66}},{"start":{"line":219,"column":8},"end":{"line":219,"column":37}}]},"20":{"loc":{"start":{"line":229,"column":8},"end":{"line":230,"column":38}},"type":"binary-expr","locations":[{"start":{"line":229,"column":8},"end":{"line":229,"column":64}},{"start":{"line":230,"column":8},"end":{"line":230,"column":38}}]},"21":{"loc":{"start":{"line":232,"column":8},"end":{"line":233,"column":45}},"type":"binary-expr","locations":[{"start":{"line":232,"column":8},"end":{"line":232,"column":64}},{"start":{"line":233,"column":8},"end":{"line":233,"column":45}}]},"22":{"loc":{"start":{"line":243,"column":8},"end":{"line":249,"column":null}},"type":"if","locations":[{"start":{"line":243,"column":8},"end":{"line":249,"column":null}}]},"23":{"loc":{"start":{"line":244,"column":10},"end":{"line":245,"column":26}},"type":"binary-expr","locations":[{"start":{"line":244,"column":10},"end":{"line":244,"column":56}},{"start":{"line":245,"column":10},"end":{"line":245,"column":26}}]},"24":{"loc":{"start":{"line":251,"column":8},"end":{"line":263,"column":null}},"type":"if","locations":[{"start":{"line":251,"column":8},"end":{"line":263,"column":null}}]},"25":{"loc":{"start":{"line":252,"column":10},"end":{"line":259,"column":null}},"type":"if","locations":[{"start":{"line":252,"column":10},"end":{"line":259,"column":null}}]},"26":{"loc":{"start":{"line":253,"column":38},"end":{"line":253,"column":76}},"type":"binary-expr","locations":[{"start":{"line":253,"column":38},"end":{"line":253,"column":58}},{"start":{"line":253,"column":62},"end":{"line":253,"column":76}}]},"27":{"loc":{"start":{"line":265,"column":8},"end":{"line":277,"column":null}},"type":"if","locations":[{"start":{"line":265,"column":8},"end":{"line":277,"column":null}}]},"28":{"loc":{"start":{"line":284,"column":8},"end":{"line":287,"column":null}},"type":"if","locations":[{"start":{"line":284,"column":8},"end":{"line":287,"column":null}}]},"29":{"loc":{"start":{"line":290,"column":10},"end":{"line":292,"column":30}},"type":"cond-expr","locations":[{"start":{"line":291,"column":14},"end":{"line":291,"column":55}},{"start":{"line":292,"column":14},"end":{"line":292,"column":30}}]},"30":{"loc":{"start":{"line":294,"column":10},"end":{"line":297,"column":23}},"type":"binary-expr","locations":[{"start":{"line":294,"column":10},"end":{"line":294,"column":40}},{"start":{"line":295,"column":10},"end":{"line":295,"column":28}},{"start":{"line":296,"column":10},"end":{"line":296,"column":59}},{"start":{"line":297,"column":10},"end":{"line":297,"column":23}}]},"31":{"loc":{"start":{"line":298,"column":23},"end":{"line":298,"column":61}},"type":"binary-expr","locations":[{"start":{"line":298,"column":23},"end":{"line":298,"column":43}},{"start":{"line":298,"column":47},"end":{"line":298,"column":61}}]}},"s":{"0":13,"1":13,"2":13,"3":13,"4":13,"5":13,"6":13,"7":13,"8":13,"9":13,"10":13,"11":30,"12":13,"13":4,"14":9,"15":33,"16":33,"17":13,"18":6,"19":7,"20":21,"21":2,"22":19,"23":19,"24":12,"25":12,"26":12,"27":12,"28":12,"29":4,"30":8,"31":13,"32":13,"33":1,"34":12,"35":12,"36":12,"37":12,"38":12,"39":13,"40":13,"41":13,"42":1,"43":12,"44":13,"45":4,"46":9,"47":9,"48":9,"49":9,"50":25,"51":1,"52":1,"53":24,"54":6,"55":6,"56":6,"57":6,"58":18,"59":13,"60":18,"61":18,"62":25,"63":25,"64":6,"65":6,"66":19,"67":19,"68":19,"69":19,"70":19,"71":19,"72":19,"73":3},"f":{"0":13,"1":30,"2":13,"3":33,"4":33,"5":13,"6":21,"7":19,"8":12,"9":12,"10":13,"11":13,"12":13,"13":13,"14":25,"15":25},"b":{"0":[4],"1":[9,8],"2":[6],"3":[13,9],"4":[2],"5":[12],"6":[11,1],"7":[12,11,1],"8":[4],"9":[8,8],"10":[8,8],"11":[1],"12":[12,2],"13":[1],"14":[4],"15":[9,9],"16":[9,9],"17":[9,9],"18":[9,9],"19":[9,9],"20":[9,9],"21":[9,9],"22":[1],"23":[25,24],"24":[6],"25":[6],"26":[6,2],"27":[13],"28":[6],"29":[3,16],"30":[19,18,2,1],"31":[19,2]}}
,"/home/m03geek/dev/os/fastify-metrics/src/index.ts": {"path":"/home/m03geek/dev/os/fastify-metrics/src/index.ts","statementMap":{"0":{"start":{"line":9,"column":0},"end":{"line":9,"column":43}},"1":{"start":{"line":10,"column":0},"end":{"line":10,"column":33}},"2":{"start":{"line":11,"column":0},"end":{"line":11,"column":51}},"3":{"start":{"line":31,"column":0},"end":{"line":31,"column":24}},"4":{"start":{"line":56,"column":0},"end":{"line":65,"column":2}},"5":{"start":{"line":58,"column":33},"end":{"line":58,"column":40}},"6":{"start":{"line":60,"column":15},"end":{"line":60,"column":63}},"7":{"start":{"line":61,"column":4},"end":{"line":61,"column":48}}},"fnMap":{"0":{"name":"(anonymous_5)","decl":{"start":{"line":57,"column":2},"end":{"line":57,"column":7}},"loc":{"start":{"line":57,"column":29},"end":{"line":62,"column":3}}}},"branchMap":{"0":{"loc":{"start":{"line":58,"column":12},"end":{"line":58,"column":28}},"type":"default-arg","locations":[{"start":{"line":58,"column":19},"end":{"line":58,"column":28}}]}},"s":{"0":3,"1":3,"2":3,"3":3,"4":3,"5":13,"6":13,"7":13},"f":{"0":13},"b":{"0":[12]}}
}
