TN:
SF:src/fastify-metrics.ts
FN:44,(anonymous_0)
FN:30,(anonymous_1)
FN:56,(anonymous_2)
FN:69,(anonymous_3)
FN:70,(anonymous_4)
FN:74,(anonymous_5)
FN:82,(anonymous_6)
FN:98,(anonymous_7)
FN:131,(anonymous_8)
FN:146,(anonymous_9)
FN:158,(anonymous_10)
FN:179,(anonymous_11)
FN:187,(anonymous_12)
FN:197,(anonymous_13)
FN:242,(anonymous_14)
FN:282,(anonymous_15)
FNF:16
FNH:16
FNDA:13,(anonymous_0)
FNDA:30,(anonymous_1)
FNDA:13,(anonymous_2)
FNDA:33,(anonymous_3)
FNDA:33,(anonymous_4)
FNDA:13,(anonymous_5)
FNDA:21,(anonymous_6)
FNDA:19,(anonymous_7)
FNDA:12,(anonymous_8)
FNDA:12,(anonymous_9)
FNDA:13,(anonymous_10)
FNDA:13,(anonymous_11)
FNDA:13,(anonymous_12)
FNDA:13,(anonymous_13)
FNDA:25,(anonymous_14)
FNDA:25,(anonymous_15)
DA:29,3
DA:31,30
DA:34,13
DA:38,13
DA:39,13
DA:44,13
DA:45,13
DA:46,13
DA:47,13
DA:49,13
DA:50,13
DA:51,13
DA:52,13
DA:57,13
DA:58,4
DA:61,9
DA:69,33
DA:70,33
DA:75,13
DA:79,6
DA:82,7
DA:90,21
DA:95,2
DA:98,19
DA:99,19
DA:100,12
DA:132,12
DA:134,12
DA:147,12
DA:148,12
DA:149,4
DA:151,8
DA:159,13
DA:160,13
DA:161,1
DA:164,12
DA:165,12
DA:166,12
DA:168,12
DA:174,12
DA:180,13
DA:181,13
DA:188,13
DA:189,1
DA:191,12
DA:198,13
DA:199,4
DA:202,9
DA:212,9
DA:226,9
DA:241,9
DA:243,25
DA:247,1
DA:248,1
DA:251,24
DA:252,6
DA:255,6
DA:261,6
DA:262,6
DA:265,18
DA:273,13
DA:279,18
DA:280,18
DA:283,25
DA:284,25
DA:285,6
DA:286,6
DA:290,19
DA:294,19
DA:298,19
DA:300,19
DA:305,19
DA:306,19
DA:308,19
LF:74
LH:74
BRDA:57,0,0,4
BRDA:62,1,0,9
BRDA:62,1,1,8
BRDA:75,2,0,6
BRDA:76,3,0,13
BRDA:76,3,1,9
BRDA:90,4,0,2
BRDA:99,5,0,12
BRDA:134,6,0,11
BRDA:134,6,1,1
BRDA:134,7,0,12
BRDA:134,7,1,11
BRDA:134,7,2,1
BRDA:148,8,0,4
BRDA:152,9,0,8
BRDA:152,9,1,8
BRDA:153,10,0,8
BRDA:153,10,1,8
BRDA:160,11,0,1
BRDA:175,12,0,12
BRDA:175,12,1,2
BRDA:188,13,0,1
BRDA:198,14,0,4
BRDA:204,15,0,9
BRDA:204,15,1,9
BRDA:206,16,0,9
BRDA:206,16,1,9
BRDA:209,17,0,9
BRDA:209,17,1,9
BRDA:215,18,0,9
BRDA:215,18,1,9
BRDA:218,19,0,9
BRDA:218,19,1,9
BRDA:229,20,0,9
BRDA:229,20,1,9
BRDA:232,21,0,9
BRDA:232,21,1,9
BRDA:243,22,0,1
BRDA:244,23,0,25
BRDA:244,23,1,24
BRDA:251,24,0,6
BRDA:252,25,0,6
BRDA:253,26,0,6
BRDA:253,26,1,2
BRDA:265,27,0,13
BRDA:284,28,0,6
BRDA:290,29,0,3
BRDA:290,29,1,16
BRDA:294,30,0,19
BRDA:294,30,1,18
BRDA:294,30,2,2
BRDA:294,30,3,1
BRDA:298,31,0,19
BRDA:298,31,1,2
BRF:54
BRH:54
end_of_record
TN:
SF:src/index.ts
FN:57,(anonymous_5)
FNF:1
FNH:1
FNDA:13,(anonymous_5)
DA:9,3
DA:10,3
DA:11,3
DA:31,3
DA:56,3
DA:58,13
DA:60,13
DA:61,13
LF:8
LH:8
BRDA:58,0,0,12
BRF:1
BRH:1
end_of_record
